{
  "RSpec": {
    "coverage": {
      "/Users/student/projects/Get-the-Middle-Character/spec/middle_spec.rb": [
        1,
        null,
        1,
        1,
        1,
        1,
        null,
        null,
        1,
        1,
        null,
        null,
        null
      ],
      "/Users/student/projects/Get-the-Middle-Character/lib/middle.rb": [
        1,
        1,
        2,
        4,
        4,
        4,
        null,
        null,
        2,
        null,
        null
      ]
    },
    "timestamp": 1560887151
  }
}
